=== BUILD TARGET app OF PROJECT app WITH CONFIGURATION Debug ===

Check dependencies

=== BUILD TARGET appTests OF PROJECT app WITH CONFIGURATION Debug ===

Check dependencies

=== BUILD TARGET appUITests OF PROJECT app WITH CONFIGURATION Debug ===
Check dependencies

** TEST SUCCEEDED **

Test Suite 'All tests' started at 2015-10-11 19:30:39.240
Test Suite 'appTests.xctest' started at 2015-10-11 19:30:39.240
Test Suite 'appTests' started at 2015-10-11 19:30:39.241
Test Case '-[appTests testExample]' started.
Test Case '-[appTests testExample]' passed (0.000 seconds).
Test Case '-[appTests testPerformanceExample]' started.
2015-10-11 19:30:39.493 app[3080:2234263] performance
2015-10-11 19:30:39.493 app[3080:2234263] performance
2015-10-11 19:30:39.494 app[3080:2234263] performance
2015-10-11 19:30:39.494 app[3080:2234263] performance
2015-10-11 19:30:39.494 app[3080:2234263] performance
2015-10-11 19:30:39.494 app[3080:2234263] performance
2015-10-11 19:30:39.494 app[3080:2234263] performance
2015-10-11 19:30:39.494 app[3080:2234263] performance
2015-10-11 19:30:39.494 app[3080:2234263] performance
2015-10-11 19:30:39.494 app[3080:2234263] performance
/Users/krausefx/Developer/fastlane/scan/scan/examples/standard/appTests/appTests.m:35: Test Case '-[appTests testPerformanceExample]' measured [Time, seconds] average: 0.000, relative standard deviation: 55.123%, values: [0.000407, 0.000210, 0.000134, 0.000114, 0.000106, 0.000111, 0.000100, 0.000140, 0.000137, 0.000132], performanceMetricID:com.apple.XCTPerformanceMetric_WallClockTime, baselineName: "", baselineAverage: , maxPercentRegression: 10.000%, maxPercentRelativeStandardDeviation: 10.000%, maxRegression: 0.100, maxStandardDeviation: 0.100
Test Case '-[appTests testPerformanceExample]' passed (0.258 seconds).
Test Suite 'appTests' passed at 2015-10-11 19:30:39.500.
   Executed 2 tests, with 0 failures (0 unexpected) in 0.259 (0.260) seconds
Test Suite 'appTests.xctest' passed at 2015-10-11 19:30:39.501.
   Executed 2 tests, with 0 failures (0 unexpected) in 0.259 (0.260) seconds
Test Suite 'All tests' passed at 2015-10-11 19:30:39.501.
   Executed 2 tests, with 0 failures (0 unexpected) in 0.259 (0.261) seconds
2015-10-11 19:30:40.069 XCTRunner[3082:2234305] Running tests...
2015-10-11 19:30:40.070 XCTRunner[3082:2234305] Looking for test bundles in /Users/krausefx/Library/Developer/CoreSimulator/Devices/9E9510C8-0BBB-45C1-8429-D4A055C3062A/data/Containers/Bundle/Application/430B15ED-3766-4E16-9D7D-B22615175AA0/appUITests-Runner.app/PlugIns
2015-10-11 19:30:40.070 XCTRunner[3082:2234305] Found test bundle at /Users/krausefx/Library/Developer/CoreSimulator/Devices/9E9510C8-0BBB-45C1-8429-D4A055C3062A/data/Containers/Bundle/Application/430B15ED-3766-4E16-9D7D-B22615175AA0/appUITests-Runner.app/PlugIns/appUITests.xctest
2015-10-11 19:30:40.070 XCTRunner[3082:2234305] Looking for configurations in /Users/krausefx/Library/Developer/CoreSimulator/Devices/9E9510C8-0BBB-45C1-8429-D4A055C3062A/data/Containers/Bundle/Application/430B15ED-3766-4E16-9D7D-B22615175AA0/appUITests-Runner.app/PlugIns/appUITests.xctest
2015-10-11 19:30:40.073 XCTRunner[3082:2234305] Found configuration <XCTestConfiguration: 0x7fcdbbc81f10>
                    testBundleURL:file:///Users/krausefx/Library/Developer/Xcode/DerivedData/app-glqlbdeuoktovjahjpeuhqltlgsy/Build/Intermediates/CodeCoverage/app/Products/Debug-iphonesimulator/appUITests-Runner.app/PlugIns/appUITests.xctest/
                productModuleName:appUITests
                      testsToSkip:(null)
                       testsToRun:(null)
               reportResultsToIDE:YES
                sessionIdentifier:<__NSConcreteUUID 0x7fcdbbc12ab0> ECA49015-1C86-42C0-8030-DB70C0F6DD60
       pathToXcodeReportingSocket:(null)
        disablePerformanceMetrics:no
  treatMissingBaselinesAsFailures:no
                  baselineFileURL:(null)
            targetApplicationPath:/Users/krausefx/Library/Developer/Xcode/DerivedData/app-glqlbdeuoktovjahjpeuhqltlgsy/Build/Intermediates/CodeCoverage/app/Products/Debug-iphonesimulator/app.app
        targetApplicationBundleID:tools.fastlane.app
                 reportActivities:no
Test Suite 'All tests' started at 2015-10-11 19:30:40.205
Test Suite 'appUITests.xctest' started at 2015-10-11 19:30:40.206
Test Suite 'appUITests' started at 2015-10-11 19:30:40.206
Test Case '-[appUITests testExample]' started.
    t =     0.00s     Start Test
    t =     0.00s     Set Up
    t =     0.00s         Launch tools.fastlane.app
2015-10-11 19:30:40.733 XCTRunner[3082:2234305] Continuing to run tests in the background with task ID 1
    t =     1.20s             Waiting for accessibility to load
    t =     4.12s             Wait for app to idle
    t =     4.26s     Tear Down
Test Case '-[appUITests testExample]' passed (4.265 seconds).
Test Suite 'appUITests' passed at 2015-10-11 19:30:44.472.
   Executed 1 test, with 0 failures (0 unexpected) in 4.265 (4.266) seconds
Test Suite 'appUITests.xctest' passed at 2015-10-11 19:30:44.473.
   Executed 1 test, with 0 failures (0 unexpected) in 4.265 (4.267) seconds
Test Suite 'All tests' passed at 2015-10-11 19:30:44.473.
   Executed 1 test, with 0 failures (0 unexpected) in 4.265 (4.267) seconds
